20:13:46.742 [AsyncHttpClient-1-2] DEBUG io.netty.util.Recycler - -Dio.netty.recycler.blocking: false
20:13:48.094 [AsyncHttpClient-1-2] DEBUG io.netty.handler.codec.compression.Brotli - brotli4j not in the classpath; Brotli support will be unavailable.
20:13:48.275 [main] DEBUG io.netty.util.internal.ThreadLocalRandom - -Dio.netty.initialSeedUniquifier: 0x6359cd95b733a31b
20:13:54.530 [main] INFO  com.mindtree.utility.BaseTest - Homepage loaded successfully
20:13:56.922 [main] INFO  com.mindtree.utility.BaseTest - Logo  is  verified successfully
20:13:57.850 [main] INFO  com.mindtree.utility.BaseTest - clicked on the profile
20:13:58.143 [main] INFO  com.mindtree.utility.BaseTest - clicked on the SignUp option
20:14:01.897 [main] INFO  com.mindtree.utility.BaseTest - Email entered successfully
20:14:02.063 [main] INFO  com.mindtree.utility.BaseTest - password entered successfully
20:14:02.663 [main] INFO  com.mindtree.utility.BaseTest - signup is failed 
20:14:04.145 [main] INFO  com.mindtree.utility.BaseTest - clicked on the profile
20:14:06.171 [main] INFO  com.mindtree.utility.BaseTest - clicked on the login option
20:14:09.649 [main] INFO  com.mindtree.utility.BaseTest - Email entered successfully
20:14:09.816 [main] INFO  com.mindtree.utility.BaseTest - password entered successfully
20:14:10.969 [main] INFO  com.mindtree.utility.BaseTest - Login Successfully...... 
20:14:14.274 [main] INFO  com.mindtree.utility.BaseTest - clicked on the profile
20:14:15.069 [main] INFO  com.mindtree.utility.BaseTest - clicked on the logout option
20:14:15.070 [main] INFO  com.mindtree.utility.BaseTest - logout Successfully...... 
20:14:19.310 [main] INFO  com.mindtree.utility.BaseTest - Entering the product name and Searching for the product
20:14:22.419 [main] INFO  com.mindtree.utility.BaseTest - Searched product displayed successfully
20:14:24.081 [main] INFO  com.mindtree.utility.BaseTest - Hover action performed successfully
20:14:32.006 [main] INFO  com.mindtree.utility.BaseTest - desired page loaded successfully
